<?xml version="1.0" encoding="UTF-8"?>
<!-- Generated by org.testng.reporters.JUnitXMLReporter -->
<testsuite ignored="0" hostname="admin-PC" failures="0" tests="3" name="Test" time="24.221" errors="0" timestamp="2022-04-18T08:02:30 IST">
  <testcase classname="Testcases.VerifySignIn" name="enterCredentials" time="0.331"/>
  <testcase classname="Testcases.VerifySignIn" name="enterCredentials" time="4.659"/>
  <testcase classname="Testcases.verifySignUp" name="signUp" time="7.457"/>
</testsuite> <!-- Test -->
