<?xml version="1.0" encoding="UTF-8"?>
<testng-results ignored="0" total="3" passed="3" failed="0" skipped="0">
  <reporter-output>
  </reporter-output>
  <suite started-at="2022-04-18T08:02:06 IST" name="Suite" finished-at="2022-04-18T08:02:30 IST" duration-ms="24221">
    <groups>
    </groups>
    <test started-at="2022-04-18T08:02:06 IST" name="Test" finished-at="2022-04-18T08:02:30 IST" duration-ms="24221">
      <class name="Testcases.VerifySignIn">
        <test-method is-config="true" signature="launchBrowser()[pri:0, instance:Testcases.VerifySignIn@9225652]" started-at="2022-04-18T08:02:06 IST" name="launchBrowser" finished-at="2022-04-18T08:02:11 IST" duration-ms="4731" status="PASS">
          <reporter-output>
          </reporter-output>
        </test-method> <!-- launchBrowser -->
        <test-method signature="enterCredentials(java.lang.String,java.lang.String)[pri:0, instance:Testcases.VerifySignIn@9225652]" started-at="2022-04-18T08:02:11 IST" name="enterCredentials" data-provider="demo" finished-at="2022-04-18T08:02:11 IST" duration-ms="331" status="PASS">
          <params>
            <param index="0">
              <value>
                <![CDATA[test1@gmail.com]]>
              </value>
            </param>
            <param index="1">
              <value>
                <![CDATA[Secure@123]]>
              </value>
            </param>
          </params>
          <reporter-output>
          </reporter-output>
        </test-method> <!-- enterCredentials -->
        <test-method is-config="true" signature="launchBrowser()[pri:0, instance:Testcases.VerifySignIn@9225652]" started-at="2022-04-18T08:02:11 IST" name="launchBrowser" finished-at="2022-04-18T08:02:15 IST" duration-ms="3531" status="PASS">
          <reporter-output>
          </reporter-output>
        </test-method> <!-- launchBrowser -->
        <test-method signature="enterCredentials(java.lang.String,java.lang.String)[pri:0, instance:Testcases.VerifySignIn@9225652]" started-at="2022-04-18T08:02:15 IST" name="enterCredentials" data-provider="demo" finished-at="2022-04-18T08:02:19 IST" duration-ms="4659" status="PASS">
          <params>
            <param index="0">
              <value>
                <![CDATA[test1@gmail.com]]>
              </value>
            </param>
            <param index="1">
              <value>
                <![CDATA[Secure@123]]>
              </value>
            </param>
          </params>
          <reporter-output>
          </reporter-output>
        </test-method> <!-- enterCredentials -->
        <test-method is-config="true" signature="quitBrowser()[pri:0, instance:Testcases.VerifySignIn@9225652]" started-at="2022-04-18T08:02:19 IST" name="quitBrowser" finished-at="2022-04-18T08:02:20 IST" duration-ms="353" status="PASS">
          <reporter-output>
          </reporter-output>
        </test-method> <!-- quitBrowser -->
      </class> <!-- Testcases.VerifySignIn -->
      <class name="Testcases.verifySignUp">
        <test-method is-config="true" signature="launchBrowser()[pri:0, instance:Testcases.verifySignUp@2c767a52]" started-at="2022-04-18T08:02:20 IST" name="launchBrowser" finished-at="2022-04-18T08:02:22 IST" duration-ms="2777" status="PASS">
          <reporter-output>
          </reporter-output>
        </test-method> <!-- launchBrowser -->
        <test-method signature="signUp()[pri:0, instance:Testcases.verifySignUp@2c767a52]" started-at="2022-04-18T08:02:22 IST" name="signUp" finished-at="2022-04-18T08:02:30 IST" duration-ms="7457" status="PASS">
          <reporter-output>
          </reporter-output>
        </test-method> <!-- signUp -->
        <test-method is-config="true" signature="quitBrowser()[pri:0, instance:Testcases.verifySignUp@2c767a52]" started-at="2022-04-18T08:02:30 IST" name="quitBrowser" finished-at="2022-04-18T08:02:30 IST" duration-ms="324" status="PASS">
          <reporter-output>
          </reporter-output>
        </test-method> <!-- quitBrowser -->
      </class> <!-- Testcases.verifySignUp -->
    </test> <!-- Test -->
  </suite> <!-- Suite -->
</testng-results>
