<?xml version="1.0" encoding="UTF-8"?>
<testng-results ignored="0" total="1" passed="1" failed="0" skipped="0">
  <reporter-output>
  </reporter-output>
  <suite started-at="2022-04-13T12:54:43 IST" name="Default suite" finished-at="2022-04-13T12:54:56 IST" duration-ms="12828">
    <groups>
    </groups>
    <test started-at="2022-04-13T12:54:43 IST" name="Default test" finished-at="2022-04-13T12:54:56 IST" duration-ms="12828">
      <class name="Testcases.verifySignUp">
        <test-method is-config="true" signature="launchBrowser()[pri:0, instance:Testcases.verifySignUp@505fc5a4]" started-at="2022-04-13T12:54:44 IST" name="launchBrowser" finished-at="2022-04-13T12:54:49 IST" duration-ms="5275" status="PASS">
          <reporter-output>
          </reporter-output>
        </test-method> <!-- launchBrowser -->
        <test-method signature="signUp()[pri:0, instance:Testcases.verifySignUp@505fc5a4]" started-at="2022-04-13T12:54:49 IST" name="signUp" finished-at="2022-04-13T12:54:56 IST" duration-ms="7501" status="PASS">
          <reporter-output>
          </reporter-output>
        </test-method> <!-- signUp -->
      </class> <!-- Testcases.verifySignUp -->
    </test> <!-- Default test -->
  </suite> <!-- Default suite -->
</testng-results>
